2023-10-08T00:02:26+00:00 CRITICAL Uncaught Error: Call to undefined function um_user() in /var/www/html/wp-content/themes/labora/footer.php:90
Stack trace:
#0 /var/www/html/wp-includes/template.php(785): require_once()
#1 /var/www/html/wp-includes/template.php(720): load_template()
#2 /var/www/html/wp-includes/general-template.php(92): locate_template()
#3 /var/www/html/wp-content/themes/labora/page.php(29): get_footer()
#4 /var/www/html/wp-includes/template-loader.php(106): include('/var/www/html/w...')
#5 /var/www/html/wp-blog-header.php(19): require_once('/var/www/html/w...')
#6 /var/www/html/index.php(17): require('/var/www/html/w...')
#7 {main}
  thrown in /var/www/html/wp-content/themes/labora/footer.php on line 90

2023-10-08T00:13:24+00:00 CRITICAL Uncaught Error: Call to undefined function um_user() in /var/www/html/wp-content/themes/labora/footer.php:90
Stack trace:
#0 /var/www/html/wp-includes/template.php(785): require_once()
#1 /var/www/html/wp-includes/template.php(720): load_template()
#2 /var/www/html/wp-includes/general-template.php(92): locate_template()
#3 /var/www/html/wp-content/themes/labora/page.php(29): get_footer()
#4 /var/www/html/wp-includes/template-loader.php(106): include('/var/www/html/w...')
#5 /var/www/html/wp-blog-header.php(19): require_once('/var/www/html/w...')
#6 /var/www/html/index.php(17): require('/var/www/html/w...')
#7 {main}
  thrown in /var/www/html/wp-content/themes/labora/footer.php on line 90

2023-10-08T00:18:44+00:00 CRITICAL Uncaught Error: Call to undefined function um_user() in /var/www/html/wp-content/themes/labora/footer.php:90
Stack trace:
#0 /var/www/html/wp-includes/template.php(785): require_once()
#1 /var/www/html/wp-includes/template.php(720): load_template()
#2 /var/www/html/wp-includes/general-template.php(92): locate_template()
#3 /var/www/html/wp-content/themes/labora/page.php(29): get_footer()
#4 /var/www/html/wp-includes/template-loader.php(106): include('/var/www/html/w...')
#5 /var/www/html/wp-blog-header.php(19): require_once('/var/www/html/w...')
#6 /var/www/html/index.php(17): require('/var/www/html/w...')
#7 {main}
  thrown in /var/www/html/wp-content/themes/labora/footer.php on line 90

2023-10-08T00:33:28+00:00 CRITICAL Uncaught Error: Call to undefined function um_user() in /var/www/html/wp-content/themes/labora/footer.php:90
Stack trace:
#0 /var/www/html/wp-includes/template.php(785): require_once()
#1 /var/www/html/wp-includes/template.php(720): load_template()
#2 /var/www/html/wp-includes/general-template.php(92): locate_template()
#3 /var/www/html/wp-content/themes/labora/page.php(29): get_footer()
#4 /var/www/html/wp-includes/template-loader.php(106): include('/var/www/html/w...')
#5 /var/www/html/wp-blog-header.php(19): require_once('/var/www/html/w...')
#6 /var/www/html/index.php(17): require('/var/www/html/w...')
#7 {main}
  thrown in /var/www/html/wp-content/themes/labora/footer.php on line 90

2023-10-08T00:33:37+00:00 CRITICAL Uncaught Error: Call to undefined function um_user() in /var/www/html/wp-content/themes/labora/footer.php:90
Stack trace:
#0 /var/www/html/wp-includes/template.php(785): require_once()
#1 /var/www/html/wp-includes/template.php(720): load_template()
#2 /var/www/html/wp-includes/general-template.php(92): locate_template()
#3 /var/www/html/wp-content/themes/labora/page.php(29): get_footer()
#4 /var/www/html/wp-includes/template-loader.php(106): include('/var/www/html/w...')
#5 /var/www/html/wp-blog-header.php(19): require_once('/var/www/html/w...')
#6 /var/www/html/index.php(17): require('/var/www/html/w...')
#7 {main}
  thrown in /var/www/html/wp-content/themes/labora/footer.php on line 90

2023-10-08T00:40:18+00:00 CRITICAL Uncaught Error: Call to undefined function um_user() in /var/www/html/wp-content/themes/labora/footer.php:90
Stack trace:
#0 /var/www/html/wp-includes/template.php(785): require_once()
#1 /var/www/html/wp-includes/template.php(720): load_template()
#2 /var/www/html/wp-includes/general-template.php(92): locate_template()
#3 /var/www/html/wp-content/themes/labora/page.php(29): get_footer()
#4 /var/www/html/wp-includes/template-loader.php(106): include('/var/www/html/w...')
#5 /var/www/html/wp-blog-header.php(19): require_once('/var/www/html/w...')
#6 /var/www/html/index.php(17): require('/var/www/html/w...')
#7 {main}
  thrown in /var/www/html/wp-content/themes/labora/footer.php on line 90

2023-10-08T01:09:44+00:00 CRITICAL Uncaught Error: Call to undefined function um_user() in /var/www/html/wp-content/themes/labora/footer.php:90
Stack trace:
#0 /var/www/html/wp-includes/template.php(785): require_once()
#1 /var/www/html/wp-includes/template.php(720): load_template()
#2 /var/www/html/wp-includes/general-template.php(92): locate_template()
#3 /var/www/html/wp-content/themes/labora/page.php(29): get_footer()
#4 /var/www/html/wp-includes/template-loader.php(106): include('/var/www/html/w...')
#5 /var/www/html/wp-blog-header.php(19): require_once('/var/www/html/w...')
#6 /var/www/html/index.php(17): require('/var/www/html/w...')
#7 {main}
  thrown in /var/www/html/wp-content/themes/labora/footer.php on line 90

2023-10-08T01:12:44+00:00 CRITICAL Uncaught Error: Call to undefined function um_user() in /var/www/html/wp-content/themes/labora/footer.php:90
Stack trace:
#0 /var/www/html/wp-includes/template.php(785): require_once()
#1 /var/www/html/wp-includes/template.php(720): load_template()
#2 /var/www/html/wp-includes/general-template.php(92): locate_template()
#3 /var/www/html/wp-content/themes/labora/page.php(29): get_footer()
#4 /var/www/html/wp-includes/template-loader.php(106): include('/var/www/html/w...')
#5 /var/www/html/wp-blog-header.php(19): require_once('/var/www/html/w...')
#6 /var/www/html/index.php(17): require('/var/www/html/w...')
#7 {main}
  thrown in /var/www/html/wp-content/themes/labora/footer.php on line 90

2023-10-08T01:21:16+00:00 CRITICAL Uncaught Error: Call to undefined function um_user() in /var/www/html/wp-content/themes/labora/footer.php:90
Stack trace:
#0 /var/www/html/wp-includes/template.php(785): require_once()
#1 /var/www/html/wp-includes/template.php(720): load_template()
#2 /var/www/html/wp-includes/general-template.php(92): locate_template()
#3 /var/www/html/wp-content/themes/labora/page.php(29): get_footer()
#4 /var/www/html/wp-includes/template-loader.php(106): include('/var/www/html/w...')
#5 /var/www/html/wp-blog-header.php(19): require_once('/var/www/html/w...')
#6 /var/www/html/index.php(17): require('/var/www/html/w...')
#7 {main}
  thrown in /var/www/html/wp-content/themes/labora/footer.php on line 90

2023-10-08T01:24:26+00:00 CRITICAL Uncaught Error: Call to undefined function um_user() in /var/www/html/wp-content/themes/labora/footer.php:90
Stack trace:
#0 /var/www/html/wp-includes/template.php(785): require_once()
#1 /var/www/html/wp-includes/template.php(720): load_template()
#2 /var/www/html/wp-includes/general-template.php(92): locate_template()
#3 /var/www/html/wp-content/themes/labora/page.php(29): get_footer()
#4 /var/www/html/wp-includes/template-loader.php(106): include('/var/www/html/w...')
#5 /var/www/html/wp-blog-header.php(19): require_once('/var/www/html/w...')
#6 /var/www/html/index.php(17): require('/var/www/html/w...')
#7 {main}
  thrown in /var/www/html/wp-content/themes/labora/footer.php on line 90

2023-10-08T01:26:19+00:00 CRITICAL Uncaught Error: Call to undefined function um_user() in /var/www/html/wp-content/themes/labora/footer.php:90
Stack trace:
#0 /var/www/html/wp-includes/template.php(785): require_once()
#1 /var/www/html/wp-includes/template.php(720): load_template()
#2 /var/www/html/wp-includes/general-template.php(92): locate_template()
#3 /var/www/html/wp-content/themes/labora/page.php(29): get_footer()
#4 /var/www/html/wp-includes/template-loader.php(106): include('/var/www/html/w...')
#5 /var/www/html/wp-blog-header.php(19): require_once('/var/www/html/w...')
#6 /var/www/html/index.php(17): require('/var/www/html/w...')
#7 {main}
  thrown in /var/www/html/wp-content/themes/labora/footer.php on line 90

2023-10-08T01:29:42+00:00 CRITICAL Uncaught Error: Call to undefined function um_user() in /var/www/html/wp-content/themes/labora/footer.php:90
Stack trace:
#0 /var/www/html/wp-includes/template.php(785): require_once()
#1 /var/www/html/wp-includes/template.php(720): load_template()
#2 /var/www/html/wp-includes/general-template.php(92): locate_template()
#3 /var/www/html/wp-content/themes/labora/page.php(29): get_footer()
#4 /var/www/html/wp-includes/template-loader.php(106): include('/var/www/html/w...')
#5 /var/www/html/wp-blog-header.php(19): require_once('/var/www/html/w...')
#6 /var/www/html/index.php(17): require('/var/www/html/w...')
#7 {main}
  thrown in /var/www/html/wp-content/themes/labora/footer.php on line 90

